<?xml version="1.0" encoding="UTF-8"?>
<!-- Generated by org.testng.reporters.JUnitXMLReporter -->
<testsuite ignored="1" hostname="MIKO-PC" failures="1" tests="2" name="Error Validation Test" time="16.556" errors="0" timestamp="2024-05-13T13:02:27 WITA">
  <testcase classname="rahulshettyacademy.tests.ErrorValidationsTest" name="LoginErrorValidation" time="0.992">
    <skipped/>
  </testcase> <!-- LoginErrorValidation -->
  <testcase classname="rahulshettyacademy.tests.ErrorValidationsTest" name="LoginErrorValidation" time="0.95">
    <failure type="java.lang.AssertionError" message="expected [Incorrect email  password.] but found [Incorrect email or password.]">
      <![CDATA[java.lang.AssertionError: expected [Incorrect email  password.] but found [Incorrect email or password.]
at rahulshettyacademy.tests.ErrorValidationsTest.LoginErrorValidation(ErrorValidationsTest.java:19)
at java.base/java.util.ArrayList.forEach(ArrayList.java:1511)
at java.base/java.util.concurrent.FutureTask.run(FutureTask.java:264)
at java.base/java.util.concurrent.ThreadPoolExecutor.runWorker(ThreadPoolExecutor.java:1136)
at java.base/java.util.concurrent.ThreadPoolExecutor$Worker.run(ThreadPoolExecutor.java:635)
at java.base/java.lang.Thread.run(Thread.java:833)
... Removed 23 stack frames]]>
    </failure>
  </testcase> <!-- LoginErrorValidation -->
  <testcase classname="rahulshettyacademy.tests.ErrorValidationsTest" name="ProductErrorValidation" time="0.0">
    <ignored/>
  </testcase> <!-- ProductErrorValidation -->
</testsuite> <!-- Error Validation Test -->
